<?xml version="1.0" encoding="UTF-8"?>
<!-- Generated by org.testng.reporters.JUnitXMLReporter -->
<testsuite ignored="1" hostname="Arpita" failures="0" tests="1" name="Test" time="31.714" errors="0" timestamp="2024-09-02T21:00:42 IST">
  <testcase classname="Organization.CreateOrganizationTest" name="CreateProductTest" time="23.369"/>
  <testcase classname="Organization.CreateOrganizationTest" name="CreateOrganization" time="0.0">
    <ignored/>
  </testcase> <!-- CreateOrganization -->
</testsuite> <!-- Test -->
